Starting training for LogisticRegression...
Loading and preprocessing data...
Loading dataset...
Dataset loaded. Shape: (235795, 55)
URL column: NoOfURLRedirect, Label column: label
Extracting features from URLs...
Processed 0 rows...
Processed 5000 rows...
Processed 10000 rows...
Processed 15000 rows...
Processed 20000 rows...
Processed 25000 rows...
Processed 30000 rows...
Processed 35000 rows...
Processed 40000 rows...
Processed 45000 rows...
Processed 50000 rows...
Processed 55000 rows...
Processed 60000 rows...
Processed 65000 rows...
Processed 70000 rows...
Processed 75000 rows...
Processed 80000 rows...
Processed 85000 rows...
Processed 90000 rows...
Processed 95000 rows...
Processed 100000 rows...
Processed 105000 rows...
Processed 110000 rows...
Processed 115000 rows...
Processed 120000 rows...
Processed 125000 rows...
Processed 130000 rows...
Processed 135000 rows...
Processed 140000 rows...
Processed 145000 rows...
Processed 150000 rows...
Processed 155000 rows...
Processed 160000 rows...
Processed 165000 rows...
Processed 170000 rows...
Processed 175000 rows...
Processed 180000 rows...
Processed 185000 rows...
Processed 190000 rows...
Processed 195000 rows...
Processed 200000 rows...
Processed 205000 rows...
Processed 210000 rows...
Processed 215000 rows...
Processed 220000 rows...
Processed 225000 rows...
Processed 230000 rows...
Processed 235000 rows...
Feature extraction complete. Final shape: (235795, 18)
Data shape: X=(235795, 17), y=(235795,)
Train/test split: 188636 train, 47159 test
Scaler and feature names saved.
Fitting LogisticRegression...
Training completed in 1.05 seconds.
Model saved to /media/harish-kushwah/Harish/phishing_detection/services/../models/LogisticRegression.pkl
Metrics saved to /media/harish-kushwah/Harish/phishing_detection/services/../models/metrics.csv

### TRAINING COMPLETED ###
